<?xml version="1.0" encoding="UTF-8"?>
<!-- Generated by org.testng.reporters.JUnitReportReporter -->
<testsuite hostname="DESKTOP-98O5IH4" failures="0" tests="6" name="testClasses.HomePageTestClass" time="135.689" errors="0" timestamp="2024-12-28T21:39:18 IST" skipped="0">
  <testcase classname="testClasses.HomePageTestClass" name="verifyAllTilesDisplayedOnHomePage" time="22.200"/>
  <testcase classname="testClasses.HomePageTestClass" name="verifyAllTilesDisplayedOnHomePage" time="18.226"/>
  <testcase classname="testClasses.HomePageTestClass" name="verifySuccessfulSignOut" time="19.074"/>
  <testcase classname="testClasses.HomePageTestClass" name="verifySuccessfulSignOut" time="18.657"/>
  <testcase classname="testClasses.HomePageTestClass" name="verifyTheTooltip_Calculator_isShowingWhileHoveringTheMouseOnCalculator" time="21.829"/>
  <testcase classname="testClasses.HomePageTestClass" name="verifyTheTooltip_Calculator_isShowingWhileHoveringTheMouseOnCalculator" time="35.703"/>
</testsuite> <!-- testClasses.HomePageTestClass -->
