<?xml version="1.0" encoding="UTF-8"?>
<!-- Generated by org.testng.reporters.JUnitReportReporter -->
<testsuite hostname="DESKTOP-98O5IH4" failures="0" tests="2" name="testClasses.ManageUserTestClass" time="173.367" errors="0" timestamp="2024-12-31T21:18:37 IST" skipped="0">
  <testcase classname="testClasses.ManageUserTestClass" name="verifyTheManageUsersPageIsOpenWhileClickingOnUsers" time="71.434"/>
  <testcase classname="testClasses.ManageUserTestClass" name="verifyToAdd_aNewUser" time="101.933"/>
</testsuite> <!-- testClasses.ManageUserTestClass -->
