<?xml version="1.0" encoding="UTF-8"?>
<!-- Generated by org.testng.reporters.JUnitReportReporter -->
<testsuite hostname="DESKTOP-98O5IH4" failures="0" tests="6" name="testClasses.HomePageTestClass" time="106.993" errors="0" timestamp="2024-12-28T21:56:05 IST" skipped="0">
  <testcase classname="testClasses.HomePageTestClass" name="verifyAllTilesDisplayedOnHomePage" time="14.644"/>
  <testcase classname="testClasses.HomePageTestClass" name="verifyAllTilesDisplayedOnHomePage" time="22.699"/>
  <testcase classname="testClasses.HomePageTestClass" name="verifySuccessfulSignOut" time="17.689"/>
  <testcase classname="testClasses.HomePageTestClass" name="verifySuccessfulSignOut" time="18.996"/>
  <testcase classname="testClasses.HomePageTestClass" name="verifyTheTooltip_Calculator_isShowingWhileHoveringTheMouseOnCalculator" time="18.380"/>
  <testcase classname="testClasses.HomePageTestClass" name="verifyTheTooltip_Calculator_isShowingWhileHoveringTheMouseOnCalculator" time="14.585"/>
</testsuite> <!-- testClasses.HomePageTestClass -->
