<?xml version="1.0" encoding="UTF-8"?>
<!-- Generated by org.testng.reporters.JUnitReportReporter -->
<testsuite hostname="DESKTOP-98O5IH4" failures="0" tests="4" name="testClasses.ManageUserTestClass" time="95.046" errors="0" timestamp="2024-12-28T21:56:05 IST" skipped="0">
  <testcase classname="testClasses.ManageUserTestClass" name="verifyTheManageUsersPageIsOpenWhileClickingOnUsers" time="17.353"/>
  <testcase classname="testClasses.ManageUserTestClass" name="verifyTheManageUsersPageIsOpenWhileClickingOnUsers" time="29.443"/>
  <testcase classname="testClasses.ManageUserTestClass" name="verifyToAdd_aNewUser" time="25.127"/>
  <testcase classname="testClasses.ManageUserTestClass" name="verifyToAdd_aNewUser" time="23.123"/>
</testsuite> <!-- testClasses.ManageUserTestClass -->
